2018-06-19 10:23:28,844- Thread:[8] - Level:INFO  - From: NSLog.Logger.Info - Message: 
>>> Employee Login Start
[ ------------------------------------------------------------------------------------------------ ]
{"Email":"admin@gmail.com","Password":"123","RememberMe":false,"ReturnUrl":null,"LanguageId":null}
[ ------------------------------------------------------------------------------------------------ ]

2018-06-19 10:23:31,389- Thread:[8] - Level:INFO  - From: NSLog.Logger.Info - Message: 
>>> Employee Login Done
[ ------------------------------------------------------------------------------------------------ ]
{"EmployeeID":"b35f78d3-7e1c-4fa1-a559-746e7e674db0","EmployeeName":"supper admin","EmployeeEmail":"admin@gmail.com","EmployeeImageURL":"http://www.cms.somee.com/Uploads/Employees/e8f4297f-3cd2-490d-9f01-a6aa4b9ff95a.jpg","IsSupperAdmin":true,"RoleID":null,"RoleName":null}
[ ------------------------------------------------------------------------------------------------ ]

2018-06-19 11:20:18,552- Thread:[5] - Level:INFO  - From: NSLog.Logger.Info - Message: 
>>> Employee Login Start
[ ------------------------------------------------------------------------------------------------ ]
{"Email":"admin@gmail.com","Password":"123","RememberMe":false,"ReturnUrl":null,"LanguageId":null}
[ ------------------------------------------------------------------------------------------------ ]

2018-06-19 11:20:20,790- Thread:[5] - Level:INFO  - From: NSLog.Logger.Info - Message: 
>>> Employee Login Done
[ ------------------------------------------------------------------------------------------------ ]
{"EmployeeID":"b35f78d3-7e1c-4fa1-a559-746e7e674db0","EmployeeName":"supper admin","EmployeeEmail":"admin@gmail.com","EmployeeImageURL":"http://www.cms.somee.com/Uploads/Employees/e8f4297f-3cd2-490d-9f01-a6aa4b9ff95a.jpg","IsSupperAdmin":true,"RoleID":null,"RoleName":null}
[ ------------------------------------------------------------------------------------------------ ]

2018-06-19 11:23:20,816- Thread:[16] - Level:INFO  - From: NSLog.Logger.Info - Message: 
>>> Employee Login Start
[ ------------------------------------------------------------------------------------------------ ]
{"Email":"admin@gmail.com","Password":"123","RememberMe":false,"ReturnUrl":null,"LanguageId":null}
[ ------------------------------------------------------------------------------------------------ ]

2018-06-19 11:23:20,834- Thread:[16] - Level:INFO  - From: NSLog.Logger.Info - Message: 
>>> Employee Login Done
[ ------------------------------------------------------------------------------------------------ ]
{"EmployeeID":"b35f78d3-7e1c-4fa1-a559-746e7e674db0","EmployeeName":"supper admin","EmployeeEmail":"admin@gmail.com","EmployeeImageURL":"http://www.cms.somee.com/Uploads/Employees/e8f4297f-3cd2-490d-9f01-a6aa4b9ff95a.jpg","IsSupperAdmin":true,"RoleID":null,"RoleName":null}
[ ------------------------------------------------------------------------------------------------ ]

2018-06-19 11:27:39,491- Thread:[13] - Level:INFO  - From: NSLog.Logger.Info - Message: 
>>> Employee Login Start
[ ------------------------------------------------------------------------------------------------ ]
{"Email":"admin@gmail.com","Password":"123","RememberMe":false,"ReturnUrl":null,"LanguageId":null}
[ ------------------------------------------------------------------------------------------------ ]

2018-06-19 11:27:41,626- Thread:[13] - Level:INFO  - From: NSLog.Logger.Info - Message: 
>>> Employee Login Done
[ ------------------------------------------------------------------------------------------------ ]
{"EmployeeID":"b35f78d3-7e1c-4fa1-a559-746e7e674db0","EmployeeName":"supper admin","EmployeeEmail":"admin@gmail.com","EmployeeImageURL":"http://www.cms.somee.com/Uploads/Employees/e8f4297f-3cd2-490d-9f01-a6aa4b9ff95a.jpg","IsSupperAdmin":true,"RoleID":null,"RoleName":null}
[ ------------------------------------------------------------------------------------------------ ]

2018-06-19 11:50:14,414- Thread:[36] - Level:INFO  - From: NSLog.Logger.Info - Message: 
>>> Employee Login Start
[ ------------------------------------------------------------------------------------------------ ]
{"Email":"admin@gmail.com","Password":"123","RememberMe":false,"ReturnUrl":null,"LanguageId":null}
[ ------------------------------------------------------------------------------------------------ ]

2018-06-19 11:50:14,574- Thread:[36] - Level:INFO  - From: NSLog.Logger.Info - Message: 
>>> Employee Login Done
[ ------------------------------------------------------------------------------------------------ ]
{"EmployeeID":"b35f78d3-7e1c-4fa1-a559-746e7e674db0","EmployeeName":"supper admin","EmployeeEmail":"admin@gmail.com","EmployeeImageURL":"http://www.cms.somee.com/Uploads/Employees/e8f4297f-3cd2-490d-9f01-a6aa4b9ff95a.jpg","IsSupperAdmin":true,"RoleID":null,"RoleName":null}
[ ------------------------------------------------------------------------------------------------ ]

2018-06-19 13:04:09,291- Thread:[57] - Level:INFO  - From: NSLog.Logger.Info - Message: 
>>> CrawlData:
[ ------------------------------------------------------------------------------------------------ ]
"bb4a611f-9d76-46d5-ab2f-2b502fd095ab"
[ ------------------------------------------------------------------------------------------------ ]

2018-06-19 13:41:27,758- Thread:[57] - Level:INFO  - From: NSLog.Logger.Info - Message: 
>>> CreateOrUpdatePin
[ ------------------------------------------------------------------------------------------------ ]
"bb4a611f-9d76-46d5-ab2f-2b502fd095ab"
[ ------------------------------------------------------------------------------------------------ ]

2018-06-19 13:41:37,264- Thread:[57] - Level:INFO  - From: NSLog.Logger.Info - Message: 
>>> ResponseCreateOrUpdatePin:bb4a611f-9d76-46d5-ab2f-2b502fd095ab
[ ------------------------------------------------------------------------------------------------ ]
true
[ ------------------------------------------------------------------------------------------------ ]

2018-06-19 13:41:37,353- Thread:[57] - Level:INFO  - From: NSLog.Logger.Info - Message: 
>>> ResponseCrawlData: bb4a611f-9d76-46d5-ab2f-2b502fd095ab
[ ------------------------------------------------------------------------------------------------ ]
true
[ ------------------------------------------------------------------------------------------------ ]

2018-06-19 14:36:29,636- Thread:[10] - Level:INFO  - From: NSLog.Logger.Info - Message: 
>>> Employee Login Start
[ ------------------------------------------------------------------------------------------------ ]
{"Email":"admin@gmail.com","Password":"123","RememberMe":false,"ReturnUrl":null,"LanguageId":null}
[ ------------------------------------------------------------------------------------------------ ]

2018-06-19 14:36:31,942- Thread:[10] - Level:INFO  - From: NSLog.Logger.Info - Message: 
>>> Employee Login Done
[ ------------------------------------------------------------------------------------------------ ]
{"EmployeeID":"b35f78d3-7e1c-4fa1-a559-746e7e674db0","EmployeeName":"supper admin","EmployeeEmail":"admin@gmail.com","EmployeeImageURL":"http://www.cms.somee.com/Uploads/Employees/e8f4297f-3cd2-490d-9f01-a6aa4b9ff95a.jpg","IsSupperAdmin":true,"RoleID":null,"RoleName":null}
[ ------------------------------------------------------------------------------------------------ ]

2018-06-19 15:10:37,629- Thread:[7] - Level:INFO  - From: NSLog.Logger.Info - Message: 
>>> Employee Login Start
[ ------------------------------------------------------------------------------------------------ ]
{"Email":"admin@gmail.com","Password":"123","RememberMe":false,"ReturnUrl":null,"LanguageId":null}
[ ------------------------------------------------------------------------------------------------ ]

2018-06-19 15:10:39,796- Thread:[7] - Level:INFO  - From: NSLog.Logger.Info - Message: 
>>> Employee Login Done
[ ------------------------------------------------------------------------------------------------ ]
{"EmployeeID":"b35f78d3-7e1c-4fa1-a559-746e7e674db0","EmployeeName":"supper admin","EmployeeEmail":"admin@gmail.com","EmployeeImageURL":"http://www.cms.somee.com/Uploads/Employees/e8f4297f-3cd2-490d-9f01-a6aa4b9ff95a.jpg","IsSupperAdmin":true,"RoleID":null,"RoleName":null}
[ ------------------------------------------------------------------------------------------------ ]

2018-06-19 15:12:53,005- Thread:[9] - Level:INFO  - From: NSLog.Logger.Info - Message: 
>>> Employee Login Start
[ ------------------------------------------------------------------------------------------------ ]
{"Email":"admin@gmail.com","Password":"123","RememberMe":false,"ReturnUrl":null,"LanguageId":null}
[ ------------------------------------------------------------------------------------------------ ]

2018-06-19 15:12:55,425- Thread:[9] - Level:INFO  - From: NSLog.Logger.Info - Message: 
>>> Employee Login Done
[ ------------------------------------------------------------------------------------------------ ]
{"EmployeeID":"b35f78d3-7e1c-4fa1-a559-746e7e674db0","EmployeeName":"supper admin","EmployeeEmail":"admin@gmail.com","EmployeeImageURL":"http://www.cms.somee.com/Uploads/Employees/e8f4297f-3cd2-490d-9f01-a6aa4b9ff95a.jpg","IsSupperAdmin":true,"RoleID":null,"RoleName":null}
[ ------------------------------------------------------------------------------------------------ ]

