2018-06-20 12:29:59,590- Thread:[11] - Level:INFO  - From: NSLog.Logger.Info - Message: 
>>> Employee Login Start
[ ------------------------------------------------------------------------------------------------ ]
{"Email":"admin@gmail.com","Password":"123","RememberMe":false,"ReturnUrl":null,"LanguageId":null}
[ ------------------------------------------------------------------------------------------------ ]

2018-06-20 12:30:01,958- Thread:[11] - Level:INFO  - From: NSLog.Logger.Info - Message: 
>>> Employee Login Done
[ ------------------------------------------------------------------------------------------------ ]
{"EmployeeID":"b35f78d3-7e1c-4fa1-a559-746e7e674db0","EmployeeName":"supper admin","EmployeeEmail":"admin@gmail.com","EmployeeImageURL":"http://www.cms.somee.com/Uploads/Employees/e8f4297f-3cd2-490d-9f01-a6aa4b9ff95a.jpg","IsSupperAdmin":true,"RoleID":null,"RoleName":null}
[ ------------------------------------------------------------------------------------------------ ]

2018-06-20 12:30:19,183- Thread:[19] - Level:INFO  - From: NSLog.Logger.Info - Message: 
>>> CrawlData:
[ ------------------------------------------------------------------------------------------------ ]
"0b0b6ef3-1b7e-45fc-98b0-07f9ab939cd1"
[ ------------------------------------------------------------------------------------------------ ]

2018-06-20 12:53:27,008- Thread:[19] - Level:INFO  - From: NSLog.Logger.Info - Message: 
>>> CreateOrUpdatePin
[ ------------------------------------------------------------------------------------------------ ]
"0b0b6ef3-1b7e-45fc-98b0-07f9ab939cd1"
[ ------------------------------------------------------------------------------------------------ ]

2018-06-20 12:53:31,394- Thread:[19] - Level:INFO  - From: NSLog.Logger.Info - Message: 
>>> ResponseCreateOrUpdatePin:0b0b6ef3-1b7e-45fc-98b0-07f9ab939cd1
[ ------------------------------------------------------------------------------------------------ ]
true
[ ------------------------------------------------------------------------------------------------ ]

2018-06-20 12:53:31,406- Thread:[19] - Level:INFO  - From: NSLog.Logger.Info - Message: 
>>> ResponseCrawlData: 0b0b6ef3-1b7e-45fc-98b0-07f9ab939cd1
[ ------------------------------------------------------------------------------------------------ ]
true
[ ------------------------------------------------------------------------------------------------ ]

2018-06-20 13:48:43,433- Thread:[69] - Level:INFO  - From: NSLog.Logger.Info - Message: 
>>> CrawlData:
[ ------------------------------------------------------------------------------------------------ ]
"164879be-5c26-43b1-96c6-ec32af780f38"
[ ------------------------------------------------------------------------------------------------ ]

2018-06-20 13:48:44,344- Thread:[70] - Level:INFO  - From: NSLog.Logger.Info - Message: 
>>> CrawlData:
[ ------------------------------------------------------------------------------------------------ ]
"164879be-5c26-43b1-96c6-ec32af780f38"
[ ------------------------------------------------------------------------------------------------ ]

2018-06-20 13:48:44,357- Thread:[70] - Level:INFO  - From: NSLog.Logger.Info - Message: 
>>> ResponseCrawlData: 164879be-5c26-43b1-96c6-ec32af780f38
[ ------------------------------------------------------------------------------------------------ ]
true
[ ------------------------------------------------------------------------------------------------ ]

2018-06-20 14:23:26,368- Thread:[69] - Level:INFO  - From: NSLog.Logger.Info - Message: 
>>> CreateOrUpdatePin
[ ------------------------------------------------------------------------------------------------ ]
"164879be-5c26-43b1-96c6-ec32af780f38"
[ ------------------------------------------------------------------------------------------------ ]

2018-06-20 14:23:33,859- Thread:[69] - Level:INFO  - From: NSLog.Logger.Info - Message: 
>>> ResponseCreateOrUpdatePin:164879be-5c26-43b1-96c6-ec32af780f38
[ ------------------------------------------------------------------------------------------------ ]
true
[ ------------------------------------------------------------------------------------------------ ]

2018-06-20 14:23:33,871- Thread:[69] - Level:INFO  - From: NSLog.Logger.Info - Message: 
>>> ResponseCrawlData: 164879be-5c26-43b1-96c6-ec32af780f38
[ ------------------------------------------------------------------------------------------------ ]
true
[ ------------------------------------------------------------------------------------------------ ]

2018-06-20 16:43:06,053- Thread:[14] - Level:INFO  - From: NSLog.Logger.Info - Message: 
>>> Employee Login Start
[ ------------------------------------------------------------------------------------------------ ]
{"Email":"admin@gmail.com","Password":"123","RememberMe":false,"ReturnUrl":null,"LanguageId":null}
[ ------------------------------------------------------------------------------------------------ ]

2018-06-20 16:43:08,708- Thread:[14] - Level:INFO  - From: NSLog.Logger.Info - Message: 
>>> Employee Login Done
[ ------------------------------------------------------------------------------------------------ ]
{"EmployeeID":"b35f78d3-7e1c-4fa1-a559-746e7e674db0","EmployeeName":"supper admin","EmployeeEmail":"admin@gmail.com","EmployeeImageURL":"http://www.cms.somee.com/Uploads/Employees/e8f4297f-3cd2-490d-9f01-a6aa4b9ff95a.jpg","IsSupperAdmin":true,"RoleID":null,"RoleName":null}
[ ------------------------------------------------------------------------------------------------ ]

